Warning message:
package ‘dplyr’ was built under R version 3.5.2 
[ Thu 08 Aug 2019 04:47:42 UTC ]: Running CombineBlastTables.R
[ Thu 08 Aug 2019 04:47:42 UTC ]: Input tables: 7 total
[ Thu 08 Aug 2019 04:47:42 UTC ]: Output table: combine_blast_tables/blast_tables_combined.csv
[ Thu 08 Aug 2019 04:47:42 UTC ]: Loading BLAST tables
[ Thu 08 Aug 2019 04:47:42 UTC ]: Reading table 'fix_blank_results/Chl_ferrooxidans_KoFox.csv'
[ Thu 08 Aug 2019 04:47:42 UTC ]: Adding subject_name of 'Chl_ferrooxidans_KoFox'
[ Thu 08 Aug 2019 04:47:42 UTC ]: Reading table 'fix_blank_results/Chl_luteolum_DSM_273.csv'
[ Thu 08 Aug 2019 04:47:42 UTC ]: Adding subject_name of 'Chl_luteolum_DSM_273'
[ Thu 08 Aug 2019 04:47:42 UTC ]: Reading table 'fix_blank_results/Chl_phaeoferrooxidans_KB01.csv'
[ Thu 08 Aug 2019 04:47:42 UTC ]: Adding subject_name of 'Chl_phaeoferrooxidans_KB01'
[ Thu 08 Aug 2019 04:47:42 UTC ]: Reading table 'fix_blank_results/Chl_sp_N1.csv'
[ Thu 08 Aug 2019 04:47:42 UTC ]: Adding subject_name of 'Chl_sp_N1'
[ Thu 08 Aug 2019 04:47:42 UTC ]: Reading table 'fix_blank_results/Ignavibacterium_album_JCM_16511_outgroup.csv'
[ Thu 08 Aug 2019 04:47:42 UTC ]: Adding subject_name of 'Ignavibacterium_album_JCM_16511_outgroup'
[ Thu 08 Aug 2019 04:47:42 UTC ]: Reading table 'fix_blank_results/L227_enr_S_6D_bin01.csv'
[ Thu 08 Aug 2019 04:47:42 UTC ]: Adding subject_name of 'L227_enr_S_6D_bin01'
[ Thu 08 Aug 2019 04:47:42 UTC ]: Reading table 'fix_blank_results/L304_enr_S_6D_bin01.csv'
[ Thu 08 Aug 2019 04:47:42 UTC ]: Adding subject_name of 'L304_enr_S_6D_bin01'
[ Thu 08 Aug 2019 04:47:42 UTC ]: Combining BLAST tables
[ Thu 08 Aug 2019 04:47:42 UTC ]: Writing combining BLAST table to file (**with headers**)
[ Thu 08 Aug 2019 04:47:42 UTC ]: Done
